C51 COMPILER V9.01   MAIN                                                                  10/19/2021 10:34:27 PAGE 1   


C51 COMPILER V9.01, COMPILATION OF MODULE MAIN
OBJECT MODULE PLACED IN main.OBJ
COMPILER INVOKED BY: C:\Keil\C51\BIN\C51.EXE main.c DEBUG OBJECTEXTEND

line level    source

   1          /**************************************************************************************
   2          *                             LED闪烁实验                                                                                                 *
   3          实现现象：下载程序后D1指示灯闪烁
   4          注意事项：无                                                                                                                                                              
   5          ***************************************************************************************/
   6          
   7          #include "reg52.h"                       //此文件中定义了单片机的一些特殊功能寄存器
   8          typedef unsigned int u16;         //对数据类型进行声明定义
   9          typedef unsigned char u8;
  10          
  11          
  12          sbit led=P2^0;           //将单片机的P2.0端口定义为led
  13          
  14          /*******************************************************************************
  15          * 函 数 名         : delay
  16          * 函数功能                 : 延时函数，i=1时，大约延时10us
  17          *******************************************************************************/
  18          void delay(u16 i)
  19          {
  20   1              while(i--);     
  21   1      }
  22          
  23          /*******************************************************************************
  24          * 函 数 名       : main
  25          * 函数功能               : 主函数
  26          * 输    入       : 无
  27          * 输    出       : 无
  28          *******************************************************************************/
  29          void main()
  30          {
  31   1              while(1)
  32   1              {
  33   2                      led=0;
  34   2                      delay(50000); //大约延时450ms
  35   2                      led=1;
  36   2                      delay(50000); //大约延时450ms   
  37   2              }               
  38   1      }


MODULE INFORMATION:   STATIC OVERLAYABLE
   CODE SIZE        =     31    ----
   CONSTANT SIZE    =   ----    ----
   XDATA SIZE       =   ----    ----
   PDATA SIZE       =   ----    ----
   DATA SIZE        =   ----    ----
   IDATA SIZE       =   ----    ----
   BIT SIZE         =   ----    ----
END OF MODULE INFORMATION.


C51 COMPILATION COMPLETE.  0 WARNING(S),  0 ERROR(S)
